{"total": {"lines":{"total":54,"covered":54,"skipped":0,"pct":100},"statements":{"total":67,"covered":67,"skipped":0,"pct":100},"functions":{"total":23,"covered":23,"skipped":0,"pct":100},"branches":{"total":21,"covered":21,"skipped":0,"pct":100},"branchesTrue":{"total":0,"covered":0,"skipped":0,"pct":"Unknown"}}
,"/home/mkainer/projects/private/pure-lit/src/dispatch.ts": {"lines":{"total":2,"covered":2,"skipped":0,"pct":100},"functions":{"total":1,"covered":1,"skipped":0,"pct":100},"statements":{"total":3,"covered":3,"skipped":0,"pct":100},"branches":{"total":0,"covered":0,"skipped":0,"pct":100}}
,"/home/mkainer/projects/private/pure-lit/src/properties.ts": {"lines":{"total":24,"covered":24,"skipped":0,"pct":100},"functions":{"total":11,"covered":11,"skipped":0,"pct":100},"statements":{"total":34,"covered":34,"skipped":0,"pct":100},"branches":{"total":19,"covered":19,"skipped":0,"pct":100}}
,"/home/mkainer/projects/private/pure-lit/src/pure-lit.ts": {"lines":{"total":28,"covered":28,"skipped":0,"pct":100},"functions":{"total":11,"covered":11,"skipped":0,"pct":100},"statements":{"total":30,"covered":30,"skipped":0,"pct":100},"branches":{"total":2,"covered":2,"skipped":0,"pct":100}}
}
